<?xml version="1.0" encoding="UTF-8"?>
<testng-results total="1" passed="1" failed="0" skipped="0">
  <reporter-output>
  </reporter-output>
  <suite started-at="2019-07-19T15:54:43Z" name="Suite" finished-at="2019-07-19T15:55:15Z" duration-ms="32078">
    <groups>
    </groups>
    <test started-at="2019-07-19T15:54:43Z" name="Test" finished-at="2019-07-19T15:55:15Z" duration-ms="32078">
      <class name="testngparameters.ParameterExample">
        <test-method is-config="true" signature="init()[pri:0, instance:testngparameters.ParameterExample@a514af7]" started-at="2019-07-19T21:24:43Z" name="init" finished-at="2019-07-19T21:24:49Z" duration-ms="6094" status="PASS">
          <reporter-output>
          </reporter-output>
        </test-method> <!-- init -->
        <test-method signature="test_login_details(java.lang.String, java.lang.String)[pri:0, instance:testngparameters.ParameterExample@a514af7]" started-at="2019-07-19T21:24:49Z" name="test_login_details" finished-at="2019-07-19T21:25:09Z" duration-ms="20035" status="PASS">
          <params>
            <param index="0">
              <value>
                <![CDATA[sudarshang]]>
              </value>
            </param>
            <param index="1">
              <value>
                <![CDATA[password1]]>
              </value>
            </param>
          </params>
          <reporter-output>
          </reporter-output>
        </test-method> <!-- test_login_details -->
        <test-method is-config="true" signature="finalize()[pri:0, instance:testngparameters.ParameterExample@a514af7]" started-at="2019-07-19T21:25:09Z" name="finalize" finished-at="2019-07-19T21:25:15Z" duration-ms="5931" status="PASS">
          <reporter-output>
          </reporter-output>
        </test-method> <!-- finalize -->
      </class> <!-- testngparameters.ParameterExample -->
    </test> <!-- Test -->
  </suite> <!-- Suite -->
</testng-results>
