<?xml version="1.0" encoding="UTF-8"?>
<testng-results total="1" passed="1" failed="0" skipped="0">
  <reporter-output>
  </reporter-output>
  <suite started-at="2019-07-18T15:54:13Z" name="Default suite" finished-at="2019-07-18T15:54:25Z" duration-ms="11774">
    <groups>
    </groups>
    <test started-at="2019-07-18T15:54:13Z" name="Default test" finished-at="2019-07-18T15:54:25Z" duration-ms="11774">
      <class name="testngexample.SampleTestNG">
        <test-method is-config="true" signature="init()[pri:0, instance:testngexample.SampleTestNG@4f18837a]" started-at="2019-07-18T21:24:13Z" name="init" finished-at="2019-07-18T21:24:19Z" duration-ms="6381" status="PASS">
          <reporter-output>
          </reporter-output>
        </test-method> <!-- init -->
        <test-method signature="verifyPageTitle()[pri:0, instance:testngexample.SampleTestNG@4f18837a]" started-at="2019-07-18T21:24:19Z" name="verifyPageTitle" finished-at="2019-07-18T21:24:24Z" duration-ms="4409" status="PASS">
          <reporter-output>
          </reporter-output>
        </test-method> <!-- verifyPageTitle -->
        <test-method is-config="true" signature="finalize()[pri:0, instance:testngexample.SampleTestNG@4f18837a]" started-at="2019-07-18T21:24:24Z" name="finalize" finished-at="2019-07-18T21:24:25Z" duration-ms="970" status="PASS">
          <reporter-output>
          </reporter-output>
        </test-method> <!-- finalize -->
      </class> <!-- testngexample.SampleTestNG -->
    </test> <!-- Default test -->
  </suite> <!-- Default suite -->
</testng-results>
