<?xml version="1.0" encoding="UTF-8"?>
<testng-results total="1" passed="1" failed="0" skipped="0">
  <reporter-output>
  </reporter-output>
  <suite started-at="2019-07-19T15:17:49Z" name="Default suite" finished-at="2019-07-19T15:18:08Z" duration-ms="18476">
    <groups>
    </groups>
    <test started-at="2019-07-19T15:17:49Z" name="Default test" finished-at="2019-07-19T15:18:08Z" duration-ms="18476">
      <class name="blankdataprovider.DataProviderExampleClass">
        <test-method is-config="true" signature="init()[pri:0, instance:blankdataprovider.DataProviderExampleClass@7c729a55]" started-at="2019-07-19T20:47:49Z" name="init" finished-at="2019-07-19T20:47:55Z" duration-ms="5502" status="PASS">
          <reporter-output>
          </reporter-output>
        </test-method> <!-- init -->
        <test-method signature="test_case(java.lang.String, java.lang.String)[pri:0, instance:blankdataprovider.DataProviderExampleClass@7c729a55]" started-at="2019-07-19T20:47:55Z" name="test_case" data-provider="data_provider" finished-at="2019-07-19T20:48:02Z" duration-ms="6957" status="PASS">
          <params>
            <param index="0">
              <value>
                <![CDATA[sudarshang]]>
              </value>
            </param>
            <param index="1">
              <value>
                <![CDATA[password1]]>
              </value>
            </param>
          </params>
          <reporter-output>
          </reporter-output>
        </test-method> <!-- test_case -->
        <test-method is-config="true" signature="finalize()[pri:0, instance:blankdataprovider.DataProviderExampleClass@7c729a55]" started-at="2019-07-19T20:48:02Z" name="finalize" finished-at="2019-07-19T20:48:08Z" duration-ms="5994" status="PASS">
          <reporter-output>
          </reporter-output>
        </test-method> <!-- finalize -->
      </class> <!-- blankdataprovider.DataProviderExampleClass -->
    </test> <!-- Default test -->
  </suite> <!-- Default suite -->
</testng-results>
