<?xml version="1.0" encoding="UTF-8"?>
<testng-results total="1" passed="1" failed="0" skipped="0">
  <reporter-output>
  </reporter-output>
  <suite started-at="2019-07-19T10:01:14Z" name="Default suite" finished-at="2019-07-19T10:01:50Z" duration-ms="36648">
    <groups>
    </groups>
    <test started-at="2019-07-19T10:01:14Z" name="Default test" finished-at="2019-07-19T10:01:50Z" duration-ms="36648">
      <class name="dataproviderexample.dataproviderloginexample">
        <test-method is-config="true" signature="init()[pri:0, instance:dataproviderexample.dataproviderloginexample@6b927fb]" started-at="2019-07-19T15:31:14Z" name="init" finished-at="2019-07-19T15:31:19Z" duration-ms="4942" status="PASS">
          <reporter-output>
          </reporter-output>
        </test-method> <!-- init -->
        <test-method signature="check_login(java.lang.String, java.lang.String)[pri:0, instance:dataproviderexample.dataproviderloginexample@6b927fb]" started-at="2019-07-19T15:31:19Z" name="check_login" data-provider="data-provider" finished-at="2019-07-19T15:31:44Z" duration-ms="25664" status="PASS">
          <params>
            <param index="0">
              <value>
                <![CDATA[sudarshang@hexaware.com]]>
              </value>
            </param>
            <param index="1">
              <value>
                <![CDATA[password1]]>
              </value>
            </param>
          </params>
          <reporter-output>
          </reporter-output>
        </test-method> <!-- check_login -->
        <test-method is-config="true" signature="finalize()[pri:0, instance:dataproviderexample.dataproviderloginexample@6b927fb]" started-at="2019-07-19T15:31:44Z" name="finalize" finished-at="2019-07-19T15:31:50Z" duration-ms="6018" status="PASS">
          <reporter-output>
          </reporter-output>
        </test-method> <!-- finalize -->
      </class> <!-- dataproviderexample.dataproviderloginexample -->
    </test> <!-- Default test -->
  </suite> <!-- Default suite -->
</testng-results>
