<?xml version="1.0" encoding="UTF-8"?>
<testng-results total="2" passed="2" failed="0" skipped="0">
  <reporter-output>
  </reporter-output>
  <suite started-at="2019-07-19T04:47:37Z" name="Default suite" finished-at="2019-07-19T04:48:02Z" duration-ms="24628">
    <groups>
    </groups>
    <test started-at="2019-07-19T04:47:37Z" name="Default test" finished-at="2019-07-19T04:48:02Z" duration-ms="24628">
      <class name="lambdatest_test.lambdatest_testngclass">
        <test-method is-config="true" signature="init()[pri:0, instance:lambdatest_test.lambdatest_testngclass@359f7cdf]" started-at="2019-07-19T10:17:37Z" name="init" finished-at="2019-07-19T10:17:42Z" duration-ms="5057" status="PASS">
          <reporter-output>
          </reporter-output>
        </test-method> <!-- init -->
        <test-method signature="test_case()[pri:0, instance:lambdatest_test.lambdatest_testngclass@359f7cdf]" started-at="2019-07-19T10:17:42Z" name="test_case" finished-at="2019-07-19T10:17:53Z" duration-ms="10162" status="PASS">
          <reporter-output>
          </reporter-output>
        </test-method> <!-- test_case -->
        <test-method signature="second_test_case()[pri:0, instance:lambdatest_test.lambdatest_testngclass@359f7cdf]" started-at="2019-07-19T10:17:53Z" name="second_test_case" finished-at="2019-07-19T10:18:01Z" duration-ms="8419" status="PASS">
          <reporter-output>
          </reporter-output>
        </test-method> <!-- second_test_case -->
        <test-method is-config="true" signature="finalize()[pri:0, instance:lambdatest_test.lambdatest_testngclass@359f7cdf]" started-at="2019-07-19T10:18:01Z" name="finalize" finished-at="2019-07-19T10:18:02Z" duration-ms="967" status="PASS">
          <reporter-output>
          </reporter-output>
        </test-method> <!-- finalize -->
      </class> <!-- lambdatest_test.lambdatest_testngclass -->
    </test> <!-- Default test -->
  </suite> <!-- Default suite -->
</testng-results>
