<?xml version="1.0" encoding="UTF-8"?>
<testng-results total="7" passed="7" failed="0" skipped="0">
  <reporter-output>
  </reporter-output>
  <suite started-at="2019-07-18T16:18:56Z" name="Default suite" finished-at="2019-07-18T16:18:57Z" duration-ms="62">
    <groups>
    </groups>
    <test started-at="2019-07-18T16:18:56Z" name="Default test" finished-at="2019-07-18T16:18:57Z" duration-ms="62">
      <class name="testngpriority.testng_priority">
        <test-method signature="first_function()[pri:0, instance:testngpriority.testng_priority@47af7f3d]" started-at="2019-07-18T21:48:57Z" name="first_function" finished-at="2019-07-18T21:48:57Z" duration-ms="14" status="PASS">
          <reporter-output>
          </reporter-output>
        </test-method> <!-- first_function -->
        <test-method signature="third_function()[pri:0, instance:testngpriority.testng_priority@47af7f3d]" started-at="2019-07-18T21:48:57Z" name="third_function" finished-at="2019-07-18T21:48:57Z" duration-ms="3" status="PASS">
          <reporter-output>
          </reporter-output>
        </test-method> <!-- third_function -->
        <test-method signature="third_function()[pri:0, instance:testngpriority.testng_priority@47af7f3d]" started-at="2019-07-18T21:48:57Z" name="third_function" finished-at="2019-07-18T21:48:57Z" duration-ms="3" status="PASS">
          <reporter-output>
          </reporter-output>
        </test-method> <!-- third_function -->
        <test-method signature="third_function()[pri:0, instance:testngpriority.testng_priority@47af7f3d]" started-at="2019-07-18T21:48:57Z" name="third_function" finished-at="2019-07-18T21:48:57Z" duration-ms="3" status="PASS">
          <reporter-output>
          </reporter-output>
        </test-method> <!-- third_function -->
        <test-method signature="third_function()[pri:0, instance:testngpriority.testng_priority@47af7f3d]" started-at="2019-07-18T21:48:57Z" name="third_function" finished-at="2019-07-18T21:48:57Z" duration-ms="1" status="PASS">
          <reporter-output>
          </reporter-output>
        </test-method> <!-- third_function -->
        <test-method signature="third_function()[pri:0, instance:testngpriority.testng_priority@47af7f3d]" started-at="2019-07-18T21:48:57Z" name="third_function" finished-at="2019-07-18T21:48:57Z" duration-ms="1" status="PASS">
          <reporter-output>
          </reporter-output>
        </test-method> <!-- third_function -->
        <test-method signature="second_function()[pri:0, instance:testngpriority.testng_priority@47af7f3d]" started-at="2019-07-18T21:48:57Z" name="second_function" finished-at="2019-07-18T21:48:57Z" duration-ms="3" status="PASS">
          <reporter-output>
          </reporter-output>
        </test-method> <!-- second_function -->
      </class> <!-- testngpriority.testng_priority -->
    </test> <!-- Default test -->
  </suite> <!-- Default suite -->
</testng-results>
