<?xml version="1.0" encoding="UTF-8"?>
<testng-results total="1" passed="0" failed="1" skipped="0">
  <reporter-output>
  </reporter-output>
  <suite started-at="2019-07-19T16:22:38Z" name="Suite" finished-at="2019-07-19T16:22:50Z" duration-ms="12139">
    <groups>
    </groups>
    <test started-at="2019-07-19T16:22:38Z" name="Test" finished-at="2019-07-19T16:22:50Z" duration-ms="12139">
      <class name="secondtestngparameters.TestNGParametersExample">
        <test-method is-config="true" signature="init()[pri:0, instance:secondtestngparameters.TestNGParametersExample@a514af7]" started-at="2019-07-19T21:52:38Z" name="init" finished-at="2019-07-19T21:52:44Z" duration-ms="6188" status="PASS">
          <reporter-output>
          </reporter-output>
        </test-method> <!-- init -->
        <test-method signature="test_login(java.lang.String, java.lang.String)[pri:0, instance:secondtestngparameters.TestNGParametersExample@a514af7]" started-at="2019-07-19T21:52:44Z" name="test_login" finished-at="2019-07-19T21:52:44Z" duration-ms="0" status="FAIL">
          <exception class="org.testng.TestNGException">
            <message>
              <![CDATA[
Parameter 'password' is required by @Test on method test_login but has not been marked @Optional or defined
in C:\Users\EP833WG\eclipse-workspace\secondtestngparameters\testng.xml]]>
            </message>
            <full-stacktrace>
              <![CDATA[org.testng.TestNGException: 
Parameter 'password' is required by @Test on method test_login but has not been marked @Optional or defined
in C:\Users\EP833WG\eclipse-workspace\secondtestngparameters\testng.xml
	at org.testng.internal.Parameters.createParameters(Parameters.java:155)
	at org.testng.internal.Parameters.createParameters(Parameters.java:355)
	at org.testng.internal.Parameters.handleParameters(Parameters.java:447)
	at org.testng.internal.Invoker.handleParameters(Invoker.java:1383)
	at org.testng.internal.Invoker.createParameters(Invoker.java:1075)
	at org.testng.internal.Invoker.invokeTestMethods(Invoker.java:1180)
	at org.testng.internal.TestMethodWorker.invokeTestMethods(TestMethodWorker.java:127)
	at org.testng.internal.TestMethodWorker.run(TestMethodWorker.java:111)
	at org.testng.TestRunner.privateRun(TestRunner.java:767)
	at org.testng.TestRunner.run(TestRunner.java:617)
	at org.testng.SuiteRunner.runTest(SuiteRunner.java:334)
	at org.testng.SuiteRunner.runSequentially(SuiteRunner.java:329)
	at org.testng.SuiteRunner.privateRun(SuiteRunner.java:291)
	at org.testng.SuiteRunner.run(SuiteRunner.java:240)
	at org.testng.SuiteRunnerWorker.runSuite(SuiteRunnerWorker.java:52)
	at org.testng.SuiteRunnerWorker.run(SuiteRunnerWorker.java:86)
	at org.testng.TestNG.runSuitesSequentially(TestNG.java:1198)
	at org.testng.TestNG.runSuitesLocally(TestNG.java:1123)
	at org.testng.TestNG.run(TestNG.java:1031)
	at org.testng.remote.AbstractRemoteTestNG.run(AbstractRemoteTestNG.java:115)
	at org.testng.remote.RemoteTestNG.initAndRun(RemoteTestNG.java:251)
	at org.testng.remote.RemoteTestNG.main(RemoteTestNG.java:77)
]]>
            </full-stacktrace>
          </exception> <!-- org.testng.TestNGException -->
          <reporter-output>
          </reporter-output>
        </test-method> <!-- test_login -->
        <test-method is-config="true" signature="finalize()[pri:0, instance:secondtestngparameters.TestNGParametersExample@a514af7]" started-at="2019-07-19T21:52:44Z" name="finalize" finished-at="2019-07-19T21:52:50Z" duration-ms="5924" status="PASS">
          <reporter-output>
          </reporter-output>
        </test-method> <!-- finalize -->
      </class> <!-- secondtestngparameters.TestNGParametersExample -->
    </test> <!-- Test -->
  </suite> <!-- Suite -->
</testng-results>
